[0m[32mDownload[0m https://registry.npmjs.org/@libsql/client/-/client-0.15.15.tgz
[0m[32mDownload[0m https://registry.npmjs.org/hono/-/hono-4.10.7.tgz
[0m[32mDownload[0m https://registry.npmjs.org/zod/-/zod-4.1.13.tgz
[0m[32mDownload[0m https://registry.npmjs.org/sql.js/-/sql.js-1.13.0.tgz
[0m[32mDownload[0m https://registry.npmjs.org/drizzle-kit/-/drizzle-kit-0.31.7.tgz
[0m[32mDownload[0m https://registry.npmjs.org/@hono/swagger-ui/-/swagger-ui-0.5.2.tgz
[0m[32mDownload[0m https://registry.npmjs.org/better-sqlite3/-/better-sqlite3-12.5.0.tgz
[0m[32mDownload[0m https://registry.npmjs.org/drizzle-orm/-/drizzle-orm-0.36.3.tgz
[0m[32mDownload[0m https://registry.npmjs.org/@hono/zod-openapi/-/zod-openapi-1.1.5.tgz
[0m[32mDownload[0m https://registry.npmjs.org/@libsql/core/-/core-0.15.15.tgz
[0m[32mDownload[0m https://registry.npmjs.org/js-base64/-/js-base64-3.7.8.tgz
[0m[32mDownload[0m https://registry.npmjs.org/libsql/-/libsql-0.5.22.tgz
[0m[32mDownload[0m https://registry.npmjs.org/@libsql/hrana-client/-/hrana-client-0.7.0.tgz
[0m[32mDownload[0m https://registry.npmjs.org/promise-limit/-/promise-limit-2.7.0.tgz
[0m[32mDownload[0m https://registry.npmjs.org/@drizzle-team/brocli/-/brocli-0.10.2.tgz
[0m[32mDownload[0m https://registry.npmjs.org/esbuild-register/-/esbuild-register-3.6.0.tgz
[0m[32mDownload[0m https://registry.npmjs.org/esbuild/-/esbuild-0.25.12.tgz
[0m[32mDownload[0m https://registry.npmjs.org/@esbuild-kit/esm-loader/-/esm-loader-2.6.5.tgz
[0m[32mDownload[0m https://registry.npmjs.org/bindings/-/bindings-1.5.0.tgz
[0m[32mDownload[0m https://registry.npmjs.org/prebuild-install/-/prebuild-install-7.1.3.tgz
[0m[32mDownload[0m https://registry.npmjs.org/@hono/zod-validator/-/zod-validator-0.7.5.tgz
[0m[32mDownload[0m https://registry.npmjs.org/openapi3-ts/-/openapi3-ts-4.5.0.tgz
[0m[32mDownload[0m https://registry.npmjs.org/@asteasolutions/zod-to-openapi/-/zod-to-openapi-8.1.0.tgz
[0m[32mDownload[0m https://registry.npmjs.org/@neon-rs/load/-/load-0.0.4.tgz
[0m[32mDownload[0m https://registry.npmjs.org/detect-libc/-/detect-libc-2.0.2.tgz
[0m[32mDownload[0m https://registry.npmjs.org/@libsql/linux-x64-musl/-/linux-x64-musl-0.5.22.tgz
[0m[32mDownload[0m https://registry.npmjs.org/@libsql/linux-x64-gnu/-/linux-x64-gnu-0.5.22.tgz
[0m[32mDownload[0m https://registry.npmjs.org/@libsql/isomorphic-fetch/-/isomorphic-fetch-0.3.1.tgz
[0m[32mDownload[0m https://registry.npmjs.org/node-fetch/-/node-fetch-3.3.2.tgz
[0m[32mDownload[0m https://registry.npmjs.org/@libsql/isomorphic-ws/-/isomorphic-ws-0.1.5.tgz
[0m[32mDownload[0m https://registry.npmjs.org/debug/-/debug-4.4.3.tgz
[0m[32mDownload[0m https://registry.npmjs.org/@esbuild/linux-x64/-/linux-x64-0.25.12.tgz
[0m[32mDownload[0m https://registry.npmjs.org/@esbuild-kit/core-utils/-/core-utils-3.3.2.tgz
[0m[32mDownload[0m https://registry.npmjs.org/get-tsconfig/-/get-tsconfig-4.13.0.tgz
[0m[32mDownload[0m https://registry.npmjs.org/file-uri-to-path/-/file-uri-to-path-1.0.0.tgz
[0m[32mDownload[0m https://registry.npmjs.org/mkdirp-classic/-/mkdirp-classic-0.5.3.tgz
[0m[32mDownload[0m https://registry.npmjs.org/expand-template/-/expand-template-2.0.3.tgz
[0m[32mDownload[0m https://registry.npmjs.org/tar-fs/-/tar-fs-2.1.4.tgz
[0m[32mDownload[0m https://registry.npmjs.org/tunnel-agent/-/tunnel-agent-0.6.0.tgz
[0m[32mDownload[0m https://registry.npmjs.org/napi-build-utils/-/napi-build-utils-2.0.0.tgz
[0m[32mDownload[0m https://registry.npmjs.org/pump/-/pump-3.0.3.tgz
[0m[32mDownload[0m https://registry.npmjs.org/simple-get/-/simple-get-4.0.1.tgz
[0m[32mDownload[0m https://registry.npmjs.org/rc/-/rc-1.2.8.tgz
[0m[32mDownload[0m https://registry.npmjs.org/minimist/-/minimist-1.2.8.tgz
[0m[32mDownload[0m https://registry.npmjs.org/node-abi/-/node-abi-3.85.0.tgz
[0m[32mDownload[0m https://registry.npmjs.org/github-from-package/-/github-from-package-0.0.0.tgz
[0m[32mDownload[0m https://registry.npmjs.org/yaml/-/yaml-2.8.1.tgz
[0m[32mDownload[0m https://registry.npmjs.org/data-uri-to-buffer/-/data-uri-to-buffer-4.0.1.tgz
[0m[32mDownload[0m https://registry.npmjs.org/formdata-polyfill/-/formdata-polyfill-4.0.10.tgz
[0m[32mDownload[0m https://registry.npmjs.org/fetch-blob/-/fetch-blob-3.2.0.tgz
[0m[32mDownload[0m https://registry.npmjs.org/ws/-/ws-8.18.3.tgz
[0m[32mDownload[0m https://registry.npmjs.org/@types/ws/-/ws-8.18.1.tgz
[0m[32mDownload[0m https://registry.npmjs.org/ms/-/ms-2.1.3.tgz
[0m[32mDownload[0m https://registry.npmjs.org/esbuild/-/esbuild-0.18.20.tgz
[0m[32mDownload[0m https://registry.npmjs.org/source-map-support/-/source-map-support-0.5.21.tgz
[0m[32mDownload[0m https://registry.npmjs.org/resolve-pkg-maps/-/resolve-pkg-maps-1.0.0.tgz
[0m[32mDownload[0m https://registry.npmjs.org/tar-stream/-/tar-stream-2.2.0.tgz
[0m[32mDownload[0m https://registry.npmjs.org/chownr/-/chownr-1.1.4.tgz
[0m[32mDownload[0m https://registry.npmjs.org/safe-buffer/-/safe-buffer-5.2.1.tgz
[0m[32mDownload[0m https://registry.npmjs.org/end-of-stream/-/end-of-stream-1.4.5.tgz
[0m[32mDownload[0m https://registry.npmjs.org/once/-/once-1.4.0.tgz
[0m[32mDownload[0m https://registry.npmjs.org/simple-concat/-/simple-concat-1.0.1.tgz
[0m[32mDownload[0m https://registry.npmjs.org/decompress-response/-/decompress-response-6.0.0.tgz
[0m[32mDownload[0m https://registry.npmjs.org/deep-extend/-/deep-extend-0.6.0.tgz
[0m[32mDownload[0m https://registry.npmjs.org/strip-json-comments/-/strip-json-comments-2.0.1.tgz
[0m[32mDownload[0m https://registry.npmjs.org/ini/-/ini-1.3.8.tgz
[0m[32mDownload[0m https://registry.npmjs.org/semver/-/semver-7.7.3.tgz
[0m[32mDownload[0m https://registry.npmjs.org/node-domexception/-/node-domexception-1.0.0.tgz
[0m[32mDownload[0m https://registry.npmjs.org/web-streams-polyfill/-/web-streams-polyfill-3.3.3.tgz
[0m[32mDownload[0m https://registry.npmjs.org/@types/node/-/node-24.2.0.tgz
[0m[32mDownload[0m https://registry.npmjs.org/@esbuild/linux-x64/-/linux-x64-0.18.20.tgz
[0m[32mDownload[0m https://registry.npmjs.org/buffer-from/-/buffer-from-1.1.2.tgz
[0m[32mDownload[0m https://registry.npmjs.org/source-map/-/source-map-0.6.1.tgz
[0m[32mDownload[0m https://registry.npmjs.org/inherits/-/inherits-2.0.4.tgz
[0m[32mDownload[0m https://registry.npmjs.org/readable-stream/-/readable-stream-3.6.2.tgz
[0m[32mDownload[0m https://registry.npmjs.org/fs-constants/-/fs-constants-1.0.0.tgz
[0m[32mDownload[0m https://registry.npmjs.org/bl/-/bl-4.1.0.tgz
[0m[32mDownload[0m https://registry.npmjs.org/wrappy/-/wrappy-1.0.2.tgz
[0m[32mDownload[0m https://registry.npmjs.org/mimic-response/-/mimic-response-3.1.0.tgz
[0m[32mDownload[0m https://registry.npmjs.org/undici-types/-/undici-types-7.10.0.tgz
[0m[32mDownload[0m https://registry.npmjs.org/util-deprecate/-/util-deprecate-1.0.2.tgz
[0m[32mDownload[0m https://registry.npmjs.org/string_decoder/-/string_decoder-1.3.0.tgz
[0m[32mDownload[0m https://registry.npmjs.org/buffer/-/buffer-5.7.1.tgz
[0m[32mDownload[0m https://registry.npmjs.org/ieee754/-/ieee754-1.2.1.tgz
[0m[32mDownload[0m https://registry.npmjs.org/base64-js/-/base64-js-1.5.1.tgz
[0m[32mInitialize[0m promise-limit@2.7.0
[0m[32mInitialize[0m mkdirp-classic@0.5.3
[0m[32mInitialize[0m debug@4.4.3
[0m[32mInitialize[0m detect-libc@2.0.2
[0m[32mInitialize[0m simple-concat@1.0.1
[0m[32mInitialize[0m js-base64@3.7.8
[0m[32mInitialize[0m libsql@0.5.22
[0m[32mInitialize[0m openapi3-ts@4.5.0
[0m[32mInitialize[0m minimist@1.2.8
[0m[32mInitialize[0m file-uri-to-path@1.0.0
[0m[32mInitialize[0m bindings@1.5.0
[0m[32mInitialize[0m @libsql/isomorphic-ws@0.1.5
[0m[32mInitialize[0m rc@1.2.8
[0m[32mInitialize[0m tar-fs@2.1.4
[0m[32mInitialize[0m @libsql/client@0.15.15
[0m[32mInitialize[0m tunnel-agent@0.6.0
[0m[32mInitialize[0m ws@8.18.3
[0m[32mInitialize[0m node-abi@3.85.0
[0m[32mInitialize[0m @neon-rs/load@0.0.4
[0m[32mInitialize[0m formdata-polyfill@4.0.10
[0m[32mInitialize[0m get-tsconfig@4.13.0
[0m[32mInitialize[0m prebuild-install@7.1.3
[0m[32mInitialize[0m github-from-package@0.0.0
[0m[32mInitialize[0m @libsql/core@0.15.15
[0m[32mInitialize[0m esbuild@0.25.12
[0m[32mInitialize[0m expand-template@2.0.3
[0m[32mInitialize[0m esbuild-register@3.6.0
[0m[32mInitialize[0m napi-build-utils@2.0.0
[0m[32mInitialize[0m node-fetch@3.3.2
[0m[32mInitialize[0m source-map-support@0.5.21
[0m[32mInitialize[0m fetch-blob@3.2.0
[0m[32mInitialize[0m simple-get@4.0.1
[0m[32mInitialize[0m tar-stream@2.2.0
[0m[32mInitialize[0m once@1.4.0
[0m[32mInitialize[0m end-of-stream@1.4.5
[0m[32mInitialize[0m resolve-pkg-maps@1.0.0
[0m[32mInitialize[0m safe-buffer@5.2.1
[0m[32mInitialize[0m esbuild@0.18.20
[0m[32mInitialize[0m decompress-response@6.0.0
[0m[32mInitialize[0m buffer-from@1.1.2
[0m[32mInitialize[0m chownr@1.1.4
[0m[32mInitialize[0m fs-constants@1.0.0
[0m[32mInitialize[0m deep-extend@0.6.0
[0m[32mInitialize[0m semver@7.7.3
[0m[32mInitialize[0m string_decoder@1.3.0
[0m[32mInitialize[0m ieee754@1.2.1
[0m[32mInitialize[0m util-deprecate@1.0.2
[0m[32mInitialize[0m @asteasolutions/zod-to-openapi@8.1.0
[0m[32mInitialize[0m @libsql/isomorphic-fetch@0.3.1
[0m[32mInitialize[0m node-domexception@1.0.0
[0m[32mInitialize[0m @types/ws@8.18.1
[0m[32mDownload[0m https://registry.npmjs.org/node-domexception
[0m[32mInitialize[0m mimic-response@3.1.0
[0m[32mInitialize[0m base64-js@1.5.1
[0m[32mInitialize[0m inherits@2.0.4
[0m[32mInitialize[0m @libsql/hrana-client@0.7.0
[0m[32mInitialize[0m bl@4.1.0
[0m[32mInitialize[0m buffer@5.7.1
[0m[32mInitialize[0m wrappy@1.0.2
[0m[32mInitialize[0m strip-json-comments@2.0.1
[0m[32mInitialize[0m @hono/zod-openapi@1.1.5
[0m[32mInitialize[0m @hono/zod-validator@0.7.5
[0m[32mInitialize[0m yaml@2.8.1
[0m[32mInitialize[0m ini@1.3.8
[0m[32mInitialize[0m data-uri-to-buffer@4.0.1
[0m[32mInitialize[0m pump@3.0.3
[0m[32mInitialize[0m readable-stream@3.6.2
[0m[32mInitialize[0m @esbuild-kit/core-utils@3.3.2
[0m[32mDownload[0m https://registry.npmjs.org/@esbuild-kit%2fcore-utils
[0m[32mInitialize[0m ms@2.1.3
[0m[32mInitialize[0m undici-types@7.10.0
[0m[32mInitialize[0m @hono/swagger-ui@0.5.2
[0m[32mInitialize[0m @esbuild-kit/esm-loader@2.6.5
[0m[32mDownload[0m https://registry.npmjs.org/@esbuild-kit%2fesm-loader
[0m[32mInitialize[0m @drizzle-team/brocli@0.10.2
[0m[32mInitialize[0m source-map@0.6.1
[0m[32mDownload[0m https://registry.npmjs.org/esbuild
[0m[32mDownload[0m https://registry.npmjs.org/semver
[0m[32mDownload[0m https://registry.npmjs.org/yaml
[0m[32mInitialize[0m @types/node@24.2.0
[0m[32mInitialize[0m hono@4.10.7
[0m[32mInitialize[0m zod@4.1.13
[0m[32mInitialize[0m drizzle-orm@0.36.3
[0m[32mInitialize[0m web-streams-polyfill@3.3.3
[0m[32mInitialize[0m better-sqlite3@12.5.0
[0m[32mDownload[0m https://registry.npmjs.org/better-sqlite3
[0m[32mInitialize[0m @esbuild/linux-x64@0.25.12
[0m[32mInitialize[0m @libsql/linux-x64-musl@0.5.22
[0m[32mInitialize[0m @esbuild/linux-x64@0.18.20
[0m[32mInitialize[0m @libsql/linux-x64-gnu@0.5.22
[0m[32mInitialize[0m drizzle-kit@0.31.7
[0m[32mDownload[0m https://registry.npmjs.org/drizzle-kit
[0m[32mInitialize[0m sql.js@1.13.0
[0m[33mWarning[0m The following packages are deprecated:
┠─ [0m[38;5;245mnpm:node-domexception@1.0.0 (Use your platform's native DOMException instead)[0m
┠─ [0m[38;5;245mnpm:@esbuild-kit/core-utils@3.3.2 (Merged into tsx: https://tsx.is)[0m
┖─ [0m[38;5;245mnpm:@esbuild-kit/esm-loader@2.6.5 (Merged into tsx: https://tsx.is)[0m
[0m[33m╭[0m [0m[1m[33mWarning[0m
[0m[33m│[0m
[0m[33m│[0m  Ignored build scripts for packages:
[0m[33m│[0m  [0m[3mnpm:better-sqlite3@12.5.0[0m
[0m[33m│[0m
[0m[33m│[0m  Run "[0m[1mdeno approve-scripts[0m" to run build scripts.
[0m[33m╰─[0m
[0m[32mTask[0m [0m[36mdev[0m deno run --unstable-kv --allow-net --allow-read --allow-write --allow-env --watch main.ts
[0m[38;5;12mWatcher[0m Process started.
[0m[32mDownload[0m https://registry.npmjs.org/@hono%2fswagger-ui
[0m[32mDownload[0m https://registry.npmjs.org/hono
[0m[32mDownload[0m https://registry.npmjs.org/drizzle-orm
[0m[32mDownload[0m https://registry.npmjs.org/zod
[0m[32mDownload[0m https://registry.npmjs.org/@hono%2fzod-openapi
[0m[32mDownload[0m https://registry.npmjs.org/sql.js
🔌 Initializing Connection Pool (ID: pool-njo2iqv)...
Listening on http://0.0.0.0:8000/ (http://localhost:8000/)
🔥 Server running at http://localhost:8000
GET /api/hello → 200 (3 ms)
